{"D:\\Projects\\billingapp\\billingapp\\components\\BillCalculator.tsx": {"path":"D:\\Projects\\billingapp\\billingapp\\components\\BillCalculator.tsx","statementMap":{"0":{"start":{"line":10,"column":26},"end":{"line":15,"column":1}},"1":{"start":{"line":14,"column":2},"end":{"line":14,"column":41}},"2":{"start":{"line":17,"column":21},"end":{"line":19,"column":1}},"3":{"start":{"line":18,"column":2},"end":{"line":18,"column":36}},"4":{"start":{"line":20,"column":26},"end":{"line":30,"column":1}},"5":{"start":{"line":25,"column":2},"end":{"line":29,"column":4}},"6":{"start":{"line":31,"column":23},"end":{"line":84,"column":1}},"7":{"start":{"line":32,"column":24},"end":{"line":32,"column":43}},"8":{"start":{"line":33,"column":16},"end":{"line":33,"column":32}},"9":{"start":{"line":35,"column":50},"end":{"line":35,"column":64}},"10":{"start":{"line":37,"column":2},"end":{"line":39,"column":5}},"11":{"start":{"line":38,"column":4},"end":{"line":38,"column":31}},"12":{"start":{"line":40,"column":2},"end":{"line":42,"column":5}},"13":{"start":{"line":41,"column":4},"end":{"line":41,"column":30}},"14":{"start":{"line":44,"column":31},"end":{"line":49,"column":3}},"15":{"start":{"line":46,"column":6},"end":{"line":46,"column":55}},"16":{"start":{"line":51,"column":32},"end":{"line":55,"column":16}},"17":{"start":{"line":56,"column":18},"end":{"line":59,"column":16}},"18":{"start":{"line":60,"column":23},"end":{"line":62,"column":72}},"19":{"start":{"line":63,"column":2},"end":{"line":83,"column":4}},"20":{"start":{"line":86,"column":15},"end":{"line":98,"column":2}}},"fnMap":{"0":{"name":"(anonymous_0)","decl":{"start":{"line":10,"column":26},"end":{"line":10,"column":27}},"loc":{"start":{"line":13,"column":13},"end":{"line":15,"column":1}},"line":13},"1":{"name":"(anonymous_1)","decl":{"start":{"line":17,"column":21},"end":{"line":17,"column":22}},"loc":{"start":{"line":17,"column":76},"end":{"line":19,"column":1}},"line":17},"2":{"name":"(anonymous_2)","decl":{"start":{"line":20,"column":26},"end":{"line":20,"column":27}},"loc":{"start":{"line":24,"column":13},"end":{"line":30,"column":1}},"line":24},"3":{"name":"(anonymous_3)","decl":{"start":{"line":31,"column":23},"end":{"line":31,"column":24}},"loc":{"start":{"line":31,"column":29},"end":{"line":84,"column":1}},"line":31},"4":{"name":"(anonymous_4)","decl":{"start":{"line":37,"column":42},"end":{"line":37,"column":43}},"loc":{"start":{"line":37,"column":48},"end":{"line":39,"column":3}},"line":37},"5":{"name":"(anonymous_5)","decl":{"start":{"line":40,"column":42},"end":{"line":40,"column":43}},"loc":{"start":{"line":40,"column":48},"end":{"line":42,"column":3}},"line":40},"6":{"name":"(anonymous_6)","decl":{"start":{"line":45,"column":4},"end":{"line":45,"column":5}},"loc":{"start":{"line":45,"column":38},"end":{"line":47,"column":5}},"line":45}},"branchMap":{"0":{"loc":{"start":{"line":68,"column":19},"end":{"line":68,"column":53}},"type":"cond-expr","locations":[{"start":{"line":68,"column":38},"end":{"line":68,"column":44}},{"start":{"line":68,"column":47},"end":{"line":68,"column":53}}],"line":68}},"s":{"0":2,"1":1,"2":2,"3":1,"4":2,"5":1,"6":2,"7":1,"8":0,"9":0,"10":0,"11":0,"12":0,"13":0,"14":0,"15":0,"16":0,"17":0,"18":0,"19":0,"20":2},"f":{"0":1,"1":1,"2":1,"3":1,"4":0,"5":0,"6":0},"b":{"0":[0,0]},"_coverageSchema":"1a1c01bbd47fc00a2c39e90264f33305004495a9","hash":"78ebc6c5ee3f803c5e314031d6084da000e267a9"}
,"D:\\Projects\\billingapp\\billingapp\\components\\ItemForm.tsx": {"path":"D:\\Projects\\billingapp\\billingapp\\components\\ItemForm.tsx","statementMap":{"0":{"start":{"line":18,"column":25},"end":{"line":44,"column":2}},"1":{"start":{"line":31,"column":22},"end":{"line":31,"column":31}},"2":{"start":{"line":42,"column":22},"end":{"line":42,"column":55}},"3":{"start":{"line":46,"column":17},"end":{"line":189,"column":1}},"4":{"start":{"line":47,"column":40},"end":{"line":47,"column":59}},"5":{"start":{"line":48,"column":24},"end":{"line":48,"column":40}},"6":{"start":{"line":50,"column":26},"end":{"line":66,"column":3}},"7":{"start":{"line":55,"column":21},"end":{"line":55,"column":32}},"8":{"start":{"line":56,"column":4},"end":{"line":65,"column":5}},"9":{"start":{"line":57,"column":6},"end":{"line":61,"column":9}},"10":{"start":{"line":62,"column":6},"end":{"line":62,"column":36}},"11":{"start":{"line":64,"column":6},"end":{"line":64,"column":25}},"12":{"start":{"line":67,"column":2},"end":{"line":188,"column":4}},"13":{"start":{"line":72,"column":10},"end":{"line":76,"column":12}},"14":{"start":{"line":77,"column":10},"end":{"line":77,"column":30}},"15":{"start":{"line":78,"column":10},"end":{"line":80,"column":18}},"16":{"start":{"line":79,"column":12},"end":{"line":79,"column":41}},"17":{"start":{"line":84,"column":10},"end":{"line":184,"column":27}},"18":{"start":{"line":99,"column":18},"end":{"line":99,"column":36}},"19":{"start":{"line":161,"column":24},"end":{"line":161,"column":51}},"20":{"start":{"line":191,"column":15},"end":{"line":237,"column":2}}},"fnMap":{"0":{"name":"(anonymous_0)","decl":{"start":{"line":31,"column":6},"end":{"line":31,"column":7}},"loc":{"start":{"line":31,"column":22},"end":{"line":31,"column":31}},"line":31},"1":{"name":"(anonymous_1)","decl":{"start":{"line":42,"column":6},"end":{"line":42,"column":7}},"loc":{"start":{"line":42,"column":22},"end":{"line":42,"column":55}},"line":42},"2":{"name":"(anonymous_2)","decl":{"start":{"line":46,"column":17},"end":{"line":46,"column":18}},"loc":{"start":{"line":46,"column":23},"end":{"line":189,"column":1}},"line":46},"3":{"name":"(anonymous_3)","decl":{"start":{"line":50,"column":26},"end":{"line":50,"column":27}},"loc":{"start":{"line":54,"column":7},"end":{"line":66,"column":3}},"line":54},"4":{"name":"(anonymous_4)","decl":{"start":{"line":71,"column":18},"end":{"line":71,"column":19}},"loc":{"start":{"line":71,"column":39},"end":{"line":81,"column":9}},"line":71},"5":{"name":"(anonymous_5)","decl":{"start":{"line":78,"column":21},"end":{"line":78,"column":22}},"loc":{"start":{"line":78,"column":27},"end":{"line":80,"column":11}},"line":78},"6":{"name":"(anonymous_6)","decl":{"start":{"line":83,"column":9},"end":{"line":83,"column":10}},"loc":{"start":{"line":84,"column":10},"end":{"line":184,"column":27}},"line":84},"7":{"name":"(anonymous_7)","decl":{"start":{"line":98,"column":31},"end":{"line":98,"column":32}},"loc":{"start":{"line":98,"column":57},"end":{"line":100,"column":17}},"line":98},"8":{"name":"(anonymous_8)","decl":{"start":{"line":160,"column":31},"end":{"line":160,"column":32}},"loc":{"start":{"line":160,"column":37},"end":{"line":162,"column":23}},"line":160}},"branchMap":{"0":{"loc":{"start":{"line":42,"column":22},"end":{"line":42,"column":55}},"type":"binary-expr","locations":[{"start":{"line":42,"column":22},"end":{"line":42,"column":32}},{"start":{"line":42,"column":36},"end":{"line":42,"column":55}}],"line":42},"1":{"loc":{"start":{"line":116,"column":15},"end":{"line":117,"column":47}},"type":"binary-expr","locations":[{"start":{"line":116,"column":15},"end":{"line":116,"column":47}},{"start":{"line":117,"column":16},"end":{"line":117,"column":47}}],"line":116},"2":{"loc":{"start":{"line":155,"column":17},"end":{"line":167,"column":17}},"type":"cond-expr","locations":[{"start":{"line":156,"column":18},"end":{"line":156,"column":57}},{"start":{"line":158,"column":18},"end":{"line":166,"column":21}}],"line":155},"3":{"loc":{"start":{"line":172,"column":16},"end":{"line":174,"column":39}},"type":"cond-expr","locations":[{"start":{"line":173,"column":20},"end":{"line":173,"column":39}},{"start":{"line":174,"column":20},"end":{"line":174,"column":39}}],"line":172},"4":{"loc":{"start":{"line":177,"column":17},"end":{"line":178,"column":49}},"type":"binary-expr","locations":[{"start":{"line":177,"column":17},"end":{"line":177,"column":49}},{"start":{"line":178,"column":18},"end":{"line":178,"column":49}}],"line":177},"5":{"loc":{"start":{"line":181,"column":17},"end":{"line":181,"column":76}},"type":"binary-expr","locations":[{"start":{"line":181,"column":17},"end":{"line":181,"column":45}},{"start":{"line":181,"column":49},"end":{"line":181,"column":76}}],"line":181}},"s":{"0":2,"1":0,"2":0,"3":2,"4":2,"5":0,"6":0,"7":0,"8":0,"9":0,"10":0,"11":0,"12":0,"13":0,"14":0,"15":0,"16":0,"17":0,"18":0,"19":0,"20":2},"f":{"0":0,"1":0,"2":2,"3":0,"4":0,"5":0,"6":0,"7":0,"8":0},"b":{"0":[0,0],"1":[0,0],"2":[0,0],"3":[0,0],"4":[0,0],"5":[0,0]},"_coverageSchema":"1a1c01bbd47fc00a2c39e90264f33305004495a9","hash":"9ac7d501e34b98805ce6ec9ce54083cb4743c866"}
,"D:\\Projects\\billingapp\\billingapp\\components\\ItemsList.tsx": {"path":"D:\\Projects\\billingapp\\billingapp\\components\\ItemsList.tsx","statementMap":{"0":{"start":{"line":7,"column":38},"end":{"line":7,"column":39}},"1":{"start":{"line":9,"column":30},"end":{"line":14,"column":3}},"2":{"start":{"line":13,"column":4},"end":{"line":13,"column":35}},"3":{"start":{"line":15,"column":18},"end":{"line":64,"column":1}},"4":{"start":{"line":16,"column":24},"end":{"line":16,"column":43}},"5":{"start":{"line":17,"column":36},"end":{"line":19,"column":3}},"6":{"start":{"line":21,"column":26},"end":{"line":49,"column":3}},"7":{"start":{"line":22,"column":12},"end":{"line":22,"column":13}},"8":{"start":{"line":23,"column":14},"end":{"line":32,"column":6}},"9":{"start":{"line":27,"column":6},"end":{"line":31,"column":8}},"10":{"start":{"line":33,"column":19},"end":{"line":47,"column":6}},"11":{"start":{"line":34,"column":6},"end":{"line":46,"column":8}},"12":{"start":{"line":48,"column":4},"end":{"line":48,"column":28}},"13":{"start":{"line":51,"column":2},"end":{"line":63,"column":4}},"14":{"start":{"line":66,"column":15},"end":{"line":75,"column":2}}},"fnMap":{"0":{"name":"(anonymous_0)","decl":{"start":{"line":9,"column":30},"end":{"line":9,"column":31}},"loc":{"start":{"line":12,"column":15},"end":{"line":14,"column":3}},"line":12},"1":{"name":"(anonymous_1)","decl":{"start":{"line":15,"column":18},"end":{"line":15,"column":19}},"loc":{"start":{"line":15,"column":24},"end":{"line":64,"column":1}},"line":15},"2":{"name":"(anonymous_2)","decl":{"start":{"line":21,"column":26},"end":{"line":21,"column":27}},"loc":{"start":{"line":21,"column":32},"end":{"line":49,"column":3}},"line":21},"3":{"name":"(anonymous_3)","decl":{"start":{"line":26,"column":10},"end":{"line":26,"column":11}},"loc":{"start":{"line":26,"column":22},"end":{"line":32,"column":5}},"line":26},"4":{"name":"(anonymous_4)","decl":{"start":{"line":33,"column":35},"end":{"line":33,"column":36}},"loc":{"start":{"line":33,"column":48},"end":{"line":47,"column":5}},"line":33}},"branchMap":{},"s":{"0":2,"1":2,"2":1,"3":2,"4":1,"5":0,"6":0,"7":0,"8":0,"9":0,"10":0,"11":0,"12":0,"13":0,"14":2},"f":{"0":1,"1":1,"2":0,"3":0,"4":0},"b":{},"_coverageSchema":"1a1c01bbd47fc00a2c39e90264f33305004495a9","hash":"6ed965f3de494e0aa4e43c2ce6a66cf006a754df"}
,"D:\\Projects\\billingapp\\billingapp\\components\\StyledText.tsx": {"path":"D:\\Projects\\billingapp\\billingapp\\components\\StyledText.tsx","statementMap":{"0":{"start":{"line":6,"column":2},"end":{"line":6,"column":81}}},"fnMap":{"0":{"name":"MonoText","decl":{"start":{"line":5,"column":16},"end":{"line":5,"column":24}},"loc":{"start":{"line":5,"column":43},"end":{"line":7,"column":1}},"line":5}},"branchMap":{},"s":{"0":1},"f":{"0":1},"b":{},"_coverageSchema":"1a1c01bbd47fc00a2c39e90264f33305004495a9","hash":"a5f3e4e37258508894fdce2f989ce6f56b838417"}
,"D:\\Projects\\billingapp\\billingapp\\components\\Themed.tsx": {"path":"D:\\Projects\\billingapp\\billingapp\\components\\Themed.tsx","statementMap":{"0":{"start":{"line":16,"column":16},"end":{"line":16,"column":32}},"1":{"start":{"line":17,"column":25},"end":{"line":17,"column":37}},"2":{"start":{"line":19,"column":2},"end":{"line":23,"column":3}},"3":{"start":{"line":20,"column":4},"end":{"line":20,"column":26}},"4":{"start":{"line":22,"column":4},"end":{"line":22,"column":36}},"5":{"start":{"line":35,"column":58},"end":{"line":35,"column":63}},"6":{"start":{"line":36,"column":16},"end":{"line":36,"column":77}},"7":{"start":{"line":38,"column":2},"end":{"line":38,"column":68}},"8":{"start":{"line":42,"column":58},"end":{"line":42,"column":63}},"9":{"start":{"line":43,"column":26},"end":{"line":43,"column":93}},"10":{"start":{"line":45,"column":2},"end":{"line":45,"column":78}}},"fnMap":{"0":{"name":"useThemeColor","decl":{"start":{"line":12,"column":16},"end":{"line":12,"column":29}},"loc":{"start":{"line":15,"column":2},"end":{"line":24,"column":1}},"line":15},"1":{"name":"Text","decl":{"start":{"line":34,"column":16},"end":{"line":34,"column":20}},"loc":{"start":{"line":34,"column":39},"end":{"line":39,"column":1}},"line":34},"2":{"name":"View","decl":{"start":{"line":41,"column":16},"end":{"line":41,"column":20}},"loc":{"start":{"line":41,"column":39},"end":{"line":46,"column":1}},"line":41}},"branchMap":{"0":{"loc":{"start":{"line":19,"column":2},"end":{"line":23,"column":3}},"type":"if","locations":[{"start":{"line":19,"column":2},"end":{"line":23,"column":3}},{"start":{"line":19,"column":2},"end":{"line":23,"column":3}}],"line":19}},"s":{"0":1,"1":1,"2":1,"3":0,"4":1,"5":1,"6":1,"7":1,"8":0,"9":0,"10":0},"f":{"0":1,"1":1,"2":0},"b":{"0":[0,1]},"_coverageSchema":"1a1c01bbd47fc00a2c39e90264f33305004495a9","hash":"7567885b9888b1cacca43c6ecf0d0f529d815373"}
,"D:\\Projects\\billingapp\\billingapp\\constants\\Calculattions.ts": {"path":"D:\\Projects\\billingapp\\billingapp\\constants\\Calculattions.ts","statementMap":{"0":{"start":{"line":1,"column":17},"end":{"line":1,"column":21}},"1":{"start":{"line":2,"column":20},"end":{"line":2,"column":23}}},"fnMap":{},"branchMap":{},"s":{"0":3,"1":3},"f":{},"b":{},"_coverageSchema":"1a1c01bbd47fc00a2c39e90264f33305004495a9","hash":"554495597cc4159e4627eab0083f556b11a3ba34"}
,"D:\\Projects\\billingapp\\billingapp\\constants\\Colors.ts": {"path":"D:\\Projects\\billingapp\\billingapp\\constants\\Colors.ts","statementMap":{"0":{"start":{"line":1,"column":23},"end":{"line":1,"column":32}},"1":{"start":{"line":2,"column":22},"end":{"line":2,"column":28}}},"fnMap":{},"branchMap":{},"s":{"0":3,"1":3},"f":{},"b":{},"_coverageSchema":"1a1c01bbd47fc00a2c39e90264f33305004495a9","hash":"6ef7ef83d56e32e916b03aff66648dc6d9d30527"}
,"D:\\Projects\\billingapp\\billingapp\\constants\\DesignColors.ts": {"path":"D:\\Projects\\billingapp\\billingapp\\constants\\DesignColors.ts","statementMap":{"0":{"start":{"line":1,"column":18},"end":{"line":1,"column":27}},"1":{"start":{"line":2,"column":17},"end":{"line":2,"column":26}},"2":{"start":{"line":3,"column":18},"end":{"line":3,"column":27}},"3":{"start":{"line":4,"column":20},"end":{"line":4,"column":29}}},"fnMap":{},"branchMap":{},"s":{"0":3,"1":3,"2":3,"3":3},"f":{},"b":{},"_coverageSchema":"1a1c01bbd47fc00a2c39e90264f33305004495a9","hash":"cc7804b5d832738e56b5ae0fb9dde960624d5657"}
,"D:\\Projects\\billingapp\\billingapp\\hooks\\useColorScheme.ts": {"path":"D:\\Projects\\billingapp\\billingapp\\hooks\\useColorScheme.ts","statementMap":{"0":{"start":{"line":7,"column":2},"end":{"line":7,"column":59}}},"fnMap":{"0":{"name":"useColorScheme","decl":{"start":{"line":6,"column":24},"end":{"line":6,"column":38}},"loc":{"start":{"line":6,"column":71},"end":{"line":8,"column":1}},"line":6}},"branchMap":{},"s":{"0":1},"f":{"0":1},"b":{},"_coverageSchema":"1a1c01bbd47fc00a2c39e90264f33305004495a9","hash":"bc8d4155196ecdacaaed6541faa09cb440e2caff"}
,"D:\\Projects\\billingapp\\billingapp\\providers\\BillContext.tsx": {"path":"D:\\Projects\\billingapp\\billingapp\\providers\\BillContext.tsx","statementMap":{"0":{"start":{"line":3,"column":16},"end":{"line":3,"column":62}},"1":{"start":{"line":3,"column":37},"end":{"line":3,"column":62}},"2":{"start":{"line":5,"column":20},"end":{"line":7,"column":1}},"3":{"start":{"line":9,"column":30},"end":{"line":9,"column":60}},"4":{"start":{"line":9,"column":36},"end":{"line":9,"column":60}},"5":{"start":{"line":12,"column":2},"end":{"line":16,"column":4}}},"fnMap":{"0":{"name":"(anonymous_0)","decl":{"start":{"line":3,"column":16},"end":{"line":3,"column":17}},"loc":{"start":{"line":3,"column":37},"end":{"line":3,"column":62}},"line":3},"1":{"name":"(anonymous_1)","decl":{"start":{"line":9,"column":30},"end":{"line":9,"column":31}},"loc":{"start":{"line":9,"column":36},"end":{"line":9,"column":60}},"line":9},"2":{"name":"BillProvider","decl":{"start":{"line":11,"column":16},"end":{"line":11,"column":28}},"loc":{"start":{"line":11,"column":74},"end":{"line":17,"column":1}},"line":11}},"branchMap":{},"s":{"0":3,"1":0,"2":3,"3":3,"4":0,"5":0},"f":{"0":0,"1":0,"2":0},"b":{},"_coverageSchema":"1a1c01bbd47fc00a2c39e90264f33305004495a9","hash":"f891f30ddb1c1f657071fdd60edf085788a5195c"}
,"D:\\Projects\\billingapp\\billingapp\\providers\\ProductContext.tsx": {"path":"D:\\Projects\\billingapp\\billingapp\\providers\\ProductContext.tsx","statementMap":{"0":{"start":{"line":5,"column":20},"end":{"line":5,"column":72}},"1":{"start":{"line":5,"column":44},"end":{"line":5,"column":72}},"2":{"start":{"line":7,"column":23},"end":{"line":9,"column":1}},"3":{"start":{"line":11,"column":33},"end":{"line":11,"column":66}},"4":{"start":{"line":11,"column":39},"end":{"line":11,"column":66}},"5":{"start":{"line":14,"column":2},"end":{"line":18,"column":4}}},"fnMap":{"0":{"name":"(anonymous_0)","decl":{"start":{"line":5,"column":20},"end":{"line":5,"column":21}},"loc":{"start":{"line":5,"column":44},"end":{"line":5,"column":72}},"line":5},"1":{"name":"(anonymous_1)","decl":{"start":{"line":11,"column":33},"end":{"line":11,"column":34}},"loc":{"start":{"line":11,"column":39},"end":{"line":11,"column":66}},"line":11},"2":{"name":"ProductProvider","decl":{"start":{"line":13,"column":16},"end":{"line":13,"column":31}},"loc":{"start":{"line":13,"column":77},"end":{"line":19,"column":1}},"line":13}},"branchMap":{},"s":{"0":4,"1":0,"2":4,"3":4,"4":4,"5":0},"f":{"0":0,"1":4,"2":0},"b":{},"_coverageSchema":"1a1c01bbd47fc00a2c39e90264f33305004495a9","hash":"71c65ac53ff3785826769bd7a0232bb8d7db770d"}
,"D:\\Projects\\billingapp\\billingapp\\screens\\BillingScreen.tsx": {"path":"D:\\Projects\\billingapp\\billingapp\\screens\\BillingScreen.tsx","statementMap":{"0":{"start":{"line":8,"column":21},"end":{"line":16,"column":1}},"1":{"start":{"line":9,"column":2},"end":{"line":15,"column":4}},"2":{"start":{"line":18,"column":15},"end":{"line":27,"column":2}}},"fnMap":{"0":{"name":"(anonymous_0)","decl":{"start":{"line":8,"column":21},"end":{"line":8,"column":22}},"loc":{"start":{"line":8,"column":26},"end":{"line":16,"column":1}},"line":8}},"branchMap":{},"s":{"0":1,"1":1,"2":1},"f":{"0":1},"b":{},"_coverageSchema":"1a1c01bbd47fc00a2c39e90264f33305004495a9","hash":"7782f72216f726a21106d789189bf952c19c84b9"}
}
