{"D:\\Projects\\billingapp\\billingapp\\components\\BillCalculator.tsx": {"path":"D:\\Projects\\billingapp\\billingapp\\components\\BillCalculator.tsx","statementMap":{"0":{"start":{"line":11,"column":38},"end":{"line":15,"column":1}},"1":{"start":{"line":12,"column":2},"end":{"line":14,"column":8}},"2":{"start":{"line":13,"column":4},"end":{"line":13,"column":53}},"3":{"start":{"line":17,"column":26},"end":{"line":22,"column":1}},"4":{"start":{"line":21,"column":2},"end":{"line":21,"column":41}},"5":{"start":{"line":24,"column":21},"end":{"line":26,"column":1}},"6":{"start":{"line":25,"column":2},"end":{"line":25,"column":36}},"7":{"start":{"line":27,"column":35},"end":{"line":37,"column":1}},"8":{"start":{"line":32,"column":2},"end":{"line":36,"column":4}},"9":{"start":{"line":39,"column":23},"end":{"line":96,"column":1}},"10":{"start":{"line":40,"column":24},"end":{"line":40,"column":43}},"11":{"start":{"line":41,"column":16},"end":{"line":41,"column":32}},"12":{"start":{"line":43,"column":50},"end":{"line":43,"column":65}},"13":{"start":{"line":45,"column":2},"end":{"line":63,"column":9}},"14":{"start":{"line":46,"column":36},"end":{"line":51,"column":5}},"15":{"start":{"line":49,"column":8},"end":{"line":49,"column":33}},"16":{"start":{"line":52,"column":36},"end":{"line":57,"column":5}},"17":{"start":{"line":55,"column":8},"end":{"line":55,"column":34}},"18":{"start":{"line":59,"column":4},"end":{"line":62,"column":6}},"19":{"start":{"line":60,"column":6},"end":{"line":60,"column":39}},"20":{"start":{"line":61,"column":6},"end":{"line":61,"column":39}},"21":{"start":{"line":65,"column":31},"end":{"line":65,"column":73}},"22":{"start":{"line":66,"column":41},"end":{"line":70,"column":16}},"23":{"start":{"line":71,"column":18},"end":{"line":74,"column":16}},"24":{"start":{"line":75,"column":23},"end":{"line":77,"column":72}},"25":{"start":{"line":78,"column":2},"end":{"line":95,"column":4}},"26":{"start":{"line":98,"column":15},"end":{"line":114,"column":2}}},"fnMap":{"0":{"name":"(anonymous_0)","decl":{"start":{"line":11,"column":38},"end":{"line":11,"column":39}},"loc":{"start":{"line":11,"column":66},"end":{"line":15,"column":1}},"line":11},"1":{"name":"(anonymous_1)","decl":{"start":{"line":12,"column":28},"end":{"line":12,"column":29}},"loc":{"start":{"line":12,"column":62},"end":{"line":14,"column":3}},"line":12},"2":{"name":"(anonymous_2)","decl":{"start":{"line":17,"column":26},"end":{"line":17,"column":27}},"loc":{"start":{"line":20,"column":13},"end":{"line":22,"column":1}},"line":20},"3":{"name":"(anonymous_3)","decl":{"start":{"line":24,"column":21},"end":{"line":24,"column":22}},"loc":{"start":{"line":24,"column":76},"end":{"line":26,"column":1}},"line":24},"4":{"name":"(anonymous_4)","decl":{"start":{"line":27,"column":35},"end":{"line":27,"column":36}},"loc":{"start":{"line":31,"column":13},"end":{"line":37,"column":1}},"line":31},"5":{"name":"(anonymous_5)","decl":{"start":{"line":39,"column":23},"end":{"line":39,"column":24}},"loc":{"start":{"line":39,"column":29},"end":{"line":96,"column":1}},"line":39},"6":{"name":"(anonymous_6)","decl":{"start":{"line":45,"column":12},"end":{"line":45,"column":13}},"loc":{"start":{"line":45,"column":18},"end":{"line":63,"column":3}},"line":45},"7":{"name":"(anonymous_7)","decl":{"start":{"line":48,"column":6},"end":{"line":48,"column":7}},"loc":{"start":{"line":48,"column":12},"end":{"line":50,"column":7}},"line":48},"8":{"name":"(anonymous_8)","decl":{"start":{"line":54,"column":6},"end":{"line":54,"column":7}},"loc":{"start":{"line":54,"column":12},"end":{"line":56,"column":7}},"line":54},"9":{"name":"(anonymous_9)","decl":{"start":{"line":59,"column":11},"end":{"line":59,"column":12}},"loc":{"start":{"line":59,"column":17},"end":{"line":62,"column":5}},"line":59}},"branchMap":{"0":{"loc":{"start":{"line":83,"column":19},"end":{"line":83,"column":55}},"type":"cond-expr","locations":[{"start":{"line":83,"column":40},"end":{"line":83,"column":46}},{"start":{"line":83,"column":49},"end":{"line":83,"column":55}}],"line":83}},"s":{"0":2,"1":3,"2":1,"3":2,"4":3,"5":2,"6":3,"7":2,"8":3,"9":2,"10":2,"11":2,"12":2,"13":2,"14":1,"15":0,"16":1,"17":0,"18":1,"19":0,"20":0,"21":2,"22":2,"23":2,"24":2,"25":2,"26":2},"f":{"0":3,"1":1,"2":3,"3":3,"4":3,"5":2,"6":1,"7":0,"8":0,"9":0},"b":{"0":[2,0]},"_coverageSchema":"1a1c01bbd47fc00a2c39e90264f33305004495a9","hash":"85c6c9507c48810f2931ef1fdfca885dcfff9d78"}
,"D:\\Projects\\billingapp\\billingapp\\components\\ItemForm.tsx": {"path":"D:\\Projects\\billingapp\\billingapp\\components\\ItemForm.tsx","statementMap":{"0":{"start":{"line":17,"column":25},"end":{"line":47,"column":2}},"1":{"start":{"line":30,"column":22},"end":{"line":30,"column":31}},"2":{"start":{"line":41,"column":22},"end":{"line":41,"column":55}},"3":{"start":{"line":49,"column":17},"end":{"line":191,"column":1}},"4":{"start":{"line":50,"column":40},"end":{"line":50,"column":59}},"5":{"start":{"line":51,"column":24},"end":{"line":51,"column":40}},"6":{"start":{"line":53,"column":26},"end":{"line":69,"column":3}},"7":{"start":{"line":58,"column":21},"end":{"line":58,"column":32}},"8":{"start":{"line":59,"column":4},"end":{"line":68,"column":5}},"9":{"start":{"line":60,"column":6},"end":{"line":64,"column":9}},"10":{"start":{"line":65,"column":6},"end":{"line":65,"column":36}},"11":{"start":{"line":67,"column":6},"end":{"line":67,"column":18}},"12":{"start":{"line":71,"column":2},"end":{"line":190,"column":4}},"13":{"start":{"line":76,"column":10},"end":{"line":80,"column":12}},"14":{"start":{"line":81,"column":10},"end":{"line":81,"column":30}},"15":{"start":{"line":85,"column":10},"end":{"line":186,"column":27}},"16":{"start":{"line":101,"column":18},"end":{"line":101,"column":36}},"17":{"start":{"line":163,"column":24},"end":{"line":163,"column":51}},"18":{"start":{"line":193,"column":15},"end":{"line":239,"column":2}}},"fnMap":{"0":{"name":"(anonymous_0)","decl":{"start":{"line":30,"column":6},"end":{"line":30,"column":7}},"loc":{"start":{"line":30,"column":22},"end":{"line":30,"column":31}},"line":30},"1":{"name":"(anonymous_1)","decl":{"start":{"line":41,"column":6},"end":{"line":41,"column":7}},"loc":{"start":{"line":41,"column":22},"end":{"line":41,"column":55}},"line":41},"2":{"name":"(anonymous_2)","decl":{"start":{"line":49,"column":17},"end":{"line":49,"column":18}},"loc":{"start":{"line":49,"column":23},"end":{"line":191,"column":1}},"line":49},"3":{"name":"(anonymous_3)","decl":{"start":{"line":53,"column":26},"end":{"line":53,"column":27}},"loc":{"start":{"line":57,"column":7},"end":{"line":69,"column":3}},"line":57},"4":{"name":"(anonymous_4)","decl":{"start":{"line":75,"column":18},"end":{"line":75,"column":19}},"loc":{"start":{"line":75,"column":39},"end":{"line":82,"column":9}},"line":75},"5":{"name":"(anonymous_5)","decl":{"start":{"line":84,"column":9},"end":{"line":84,"column":10}},"loc":{"start":{"line":85,"column":10},"end":{"line":186,"column":27}},"line":85},"6":{"name":"(anonymous_6)","decl":{"start":{"line":100,"column":31},"end":{"line":100,"column":32}},"loc":{"start":{"line":100,"column":46},"end":{"line":102,"column":17}},"line":100},"7":{"name":"(anonymous_7)","decl":{"start":{"line":162,"column":31},"end":{"line":162,"column":32}},"loc":{"start":{"line":162,"column":37},"end":{"line":164,"column":23}},"line":162}},"branchMap":{"0":{"loc":{"start":{"line":41,"column":22},"end":{"line":41,"column":55}},"type":"binary-expr","locations":[{"start":{"line":41,"column":22},"end":{"line":41,"column":32}},{"start":{"line":41,"column":36},"end":{"line":41,"column":55}}],"line":41},"1":{"loc":{"start":{"line":118,"column":15},"end":{"line":119,"column":47}},"type":"binary-expr","locations":[{"start":{"line":118,"column":15},"end":{"line":118,"column":47}},{"start":{"line":119,"column":16},"end":{"line":119,"column":47}}],"line":118},"2":{"loc":{"start":{"line":157,"column":17},"end":{"line":169,"column":17}},"type":"cond-expr","locations":[{"start":{"line":158,"column":18},"end":{"line":158,"column":57}},{"start":{"line":160,"column":18},"end":{"line":168,"column":21}}],"line":157},"3":{"loc":{"start":{"line":174,"column":16},"end":{"line":176,"column":39}},"type":"cond-expr","locations":[{"start":{"line":175,"column":20},"end":{"line":175,"column":39}},{"start":{"line":176,"column":20},"end":{"line":176,"column":39}}],"line":174},"4":{"loc":{"start":{"line":179,"column":17},"end":{"line":180,"column":49}},"type":"binary-expr","locations":[{"start":{"line":179,"column":17},"end":{"line":179,"column":49}},{"start":{"line":180,"column":18},"end":{"line":180,"column":49}}],"line":179},"5":{"loc":{"start":{"line":183,"column":17},"end":{"line":183,"column":76}},"type":"binary-expr","locations":[{"start":{"line":183,"column":17},"end":{"line":183,"column":45}},{"start":{"line":183,"column":49},"end":{"line":183,"column":76}}],"line":183}},"s":{"0":3,"1":9,"2":9,"3":3,"4":6,"5":6,"6":6,"7":1,"8":1,"9":1,"10":1,"11":0,"12":6,"13":1,"14":1,"15":36,"16":0,"17":3,"18":3},"f":{"0":9,"1":9,"2":6,"3":1,"4":1,"5":36,"6":0,"7":3},"b":{"0":[9,2],"1":[36,12],"2":[10,26],"3":[0,36],"4":[36,12],"5":[36,12]},"_coverageSchema":"1a1c01bbd47fc00a2c39e90264f33305004495a9","hash":"32de53c29dcee320672e21576924bd7b80b30924"}
,"D:\\Projects\\billingapp\\billingapp\\components\\ItemsList.tsx": {"path":"D:\\Projects\\billingapp\\billingapp\\components\\ItemsList.tsx","statementMap":{"0":{"start":{"line":8,"column":38},"end":{"line":8,"column":39}},"1":{"start":{"line":10,"column":28},"end":{"line":15,"column":1}},"2":{"start":{"line":14,"column":2},"end":{"line":14,"column":33}},"3":{"start":{"line":17,"column":18},"end":{"line":73,"column":1}},"4":{"start":{"line":18,"column":24},"end":{"line":18,"column":43}},"5":{"start":{"line":20,"column":36},"end":{"line":22,"column":3}},"6":{"start":{"line":24,"column":26},"end":{"line":56,"column":3}},"7":{"start":{"line":26,"column":14},"end":{"line":26,"column":15}},"8":{"start":{"line":28,"column":24},"end":{"line":37,"column":6}},"9":{"start":{"line":32,"column":6},"end":{"line":36,"column":8}},"10":{"start":{"line":39,"column":18},"end":{"line":53,"column":6}},"11":{"start":{"line":40,"column":6},"end":{"line":52,"column":8}},"12":{"start":{"line":55,"column":4},"end":{"line":55,"column":37}},"13":{"start":{"line":58,"column":2},"end":{"line":72,"column":4}},"14":{"start":{"line":75,"column":15},"end":{"line":84,"column":2}}},"fnMap":{"0":{"name":"(anonymous_0)","decl":{"start":{"line":10,"column":28},"end":{"line":10,"column":29}},"loc":{"start":{"line":13,"column":13},"end":{"line":15,"column":1}},"line":13},"1":{"name":"(anonymous_1)","decl":{"start":{"line":17,"column":18},"end":{"line":17,"column":19}},"loc":{"start":{"line":17,"column":24},"end":{"line":73,"column":1}},"line":17},"2":{"name":"(anonymous_2)","decl":{"start":{"line":24,"column":26},"end":{"line":24,"column":27}},"loc":{"start":{"line":24,"column":54},"end":{"line":56,"column":3}},"line":24},"3":{"name":"(anonymous_3)","decl":{"start":{"line":31,"column":10},"end":{"line":31,"column":11}},"loc":{"start":{"line":31,"column":22},"end":{"line":37,"column":5}},"line":31},"4":{"name":"(anonymous_4)","decl":{"start":{"line":39,"column":34},"end":{"line":39,"column":35}},"loc":{"start":{"line":39,"column":47},"end":{"line":53,"column":5}},"line":39}},"branchMap":{},"s":{"0":3,"1":3,"2":1,"3":3,"4":2,"5":2,"6":2,"7":2,"8":2,"9":14,"10":2,"11":0,"12":2,"13":2,"14":3},"f":{"0":1,"1":2,"2":2,"3":14,"4":0},"b":{},"_coverageSchema":"1a1c01bbd47fc00a2c39e90264f33305004495a9","hash":"8df2640275d5604122b184cacb90c12bd63bc16b"}
,"D:\\Projects\\billingapp\\billingapp\\components\\StyledText.tsx": {"path":"D:\\Projects\\billingapp\\billingapp\\components\\StyledText.tsx","statementMap":{"0":{"start":{"line":6,"column":2},"end":{"line":6,"column":81}}},"fnMap":{"0":{"name":"MonoText","decl":{"start":{"line":5,"column":16},"end":{"line":5,"column":24}},"loc":{"start":{"line":5,"column":43},"end":{"line":7,"column":1}},"line":5}},"branchMap":{},"s":{"0":1},"f":{"0":1},"b":{},"_coverageSchema":"1a1c01bbd47fc00a2c39e90264f33305004495a9","hash":"a5f3e4e37258508894fdce2f989ce6f56b838417"}
,"D:\\Projects\\billingapp\\billingapp\\components\\Themed.tsx": {"path":"D:\\Projects\\billingapp\\billingapp\\components\\Themed.tsx","statementMap":{"0":{"start":{"line":16,"column":16},"end":{"line":16,"column":32}},"1":{"start":{"line":17,"column":25},"end":{"line":17,"column":37}},"2":{"start":{"line":19,"column":2},"end":{"line":23,"column":3}},"3":{"start":{"line":20,"column":4},"end":{"line":20,"column":26}},"4":{"start":{"line":22,"column":4},"end":{"line":22,"column":36}},"5":{"start":{"line":35,"column":58},"end":{"line":35,"column":63}},"6":{"start":{"line":36,"column":16},"end":{"line":36,"column":77}},"7":{"start":{"line":38,"column":2},"end":{"line":38,"column":68}},"8":{"start":{"line":42,"column":58},"end":{"line":42,"column":63}},"9":{"start":{"line":43,"column":26},"end":{"line":43,"column":93}},"10":{"start":{"line":45,"column":2},"end":{"line":45,"column":78}}},"fnMap":{"0":{"name":"useThemeColor","decl":{"start":{"line":12,"column":16},"end":{"line":12,"column":29}},"loc":{"start":{"line":15,"column":2},"end":{"line":24,"column":1}},"line":15},"1":{"name":"Text","decl":{"start":{"line":34,"column":16},"end":{"line":34,"column":20}},"loc":{"start":{"line":34,"column":39},"end":{"line":39,"column":1}},"line":34},"2":{"name":"View","decl":{"start":{"line":41,"column":16},"end":{"line":41,"column":20}},"loc":{"start":{"line":41,"column":39},"end":{"line":46,"column":1}},"line":41}},"branchMap":{"0":{"loc":{"start":{"line":19,"column":2},"end":{"line":23,"column":3}},"type":"if","locations":[{"start":{"line":19,"column":2},"end":{"line":23,"column":3}},{"start":{"line":19,"column":2},"end":{"line":23,"column":3}}],"line":19}},"s":{"0":3,"1":3,"2":3,"3":0,"4":3,"5":1,"6":1,"7":1,"8":2,"9":2,"10":2},"f":{"0":3,"1":1,"2":2},"b":{"0":[0,3]},"_coverageSchema":"1a1c01bbd47fc00a2c39e90264f33305004495a9","hash":"7567885b9888b1cacca43c6ecf0d0f529d815373"}
,"D:\\Projects\\billingapp\\billingapp\\constants\\Calculattions.ts": {"path":"D:\\Projects\\billingapp\\billingapp\\constants\\Calculattions.ts","statementMap":{"0":{"start":{"line":1,"column":17},"end":{"line":1,"column":21}},"1":{"start":{"line":2,"column":20},"end":{"line":2,"column":23}}},"fnMap":{},"branchMap":{},"s":{"0":3,"1":3},"f":{},"b":{},"_coverageSchema":"1a1c01bbd47fc00a2c39e90264f33305004495a9","hash":"554495597cc4159e4627eab0083f556b11a3ba34"}
,"D:\\Projects\\billingapp\\billingapp\\constants\\Colors.ts": {"path":"D:\\Projects\\billingapp\\billingapp\\constants\\Colors.ts","statementMap":{"0":{"start":{"line":1,"column":23},"end":{"line":1,"column":32}},"1":{"start":{"line":2,"column":22},"end":{"line":2,"column":28}}},"fnMap":{},"branchMap":{},"s":{"0":3,"1":3},"f":{},"b":{},"_coverageSchema":"1a1c01bbd47fc00a2c39e90264f33305004495a9","hash":"6ef7ef83d56e32e916b03aff66648dc6d9d30527"}
,"D:\\Projects\\billingapp\\billingapp\\constants\\DesignColors.ts": {"path":"D:\\Projects\\billingapp\\billingapp\\constants\\DesignColors.ts","statementMap":{"0":{"start":{"line":1,"column":18},"end":{"line":1,"column":27}},"1":{"start":{"line":2,"column":17},"end":{"line":2,"column":26}},"2":{"start":{"line":3,"column":18},"end":{"line":3,"column":27}},"3":{"start":{"line":4,"column":20},"end":{"line":4,"column":29}}},"fnMap":{},"branchMap":{},"s":{"0":4,"1":4,"2":4,"3":4},"f":{},"b":{},"_coverageSchema":"1a1c01bbd47fc00a2c39e90264f33305004495a9","hash":"cc7804b5d832738e56b5ae0fb9dde960624d5657"}
,"D:\\Projects\\billingapp\\billingapp\\hooks\\useColorScheme.ts": {"path":"D:\\Projects\\billingapp\\billingapp\\hooks\\useColorScheme.ts","statementMap":{"0":{"start":{"line":7,"column":2},"end":{"line":7,"column":59}}},"fnMap":{"0":{"name":"useColorScheme","decl":{"start":{"line":6,"column":24},"end":{"line":6,"column":38}},"loc":{"start":{"line":6,"column":71},"end":{"line":8,"column":1}},"line":6}},"branchMap":{},"s":{"0":3},"f":{"0":3},"b":{},"_coverageSchema":"1a1c01bbd47fc00a2c39e90264f33305004495a9","hash":"bc8d4155196ecdacaaed6541faa09cb440e2caff"}
,"D:\\Projects\\billingapp\\billingapp\\providers\\BillContext.tsx": {"path":"D:\\Projects\\billingapp\\billingapp\\providers\\BillContext.tsx","statementMap":{"0":{"start":{"line":3,"column":16},"end":{"line":3,"column":62}},"1":{"start":{"line":3,"column":37},"end":{"line":3,"column":62}},"2":{"start":{"line":5,"column":20},"end":{"line":7,"column":1}},"3":{"start":{"line":9,"column":30},"end":{"line":9,"column":60}},"4":{"start":{"line":9,"column":36},"end":{"line":9,"column":60}},"5":{"start":{"line":12,"column":2},"end":{"line":16,"column":4}}},"fnMap":{"0":{"name":"(anonymous_0)","decl":{"start":{"line":3,"column":16},"end":{"line":3,"column":17}},"loc":{"start":{"line":3,"column":37},"end":{"line":3,"column":62}},"line":3},"1":{"name":"(anonymous_1)","decl":{"start":{"line":9,"column":30},"end":{"line":9,"column":31}},"loc":{"start":{"line":9,"column":36},"end":{"line":9,"column":60}},"line":9},"2":{"name":"BillProvider","decl":{"start":{"line":11,"column":16},"end":{"line":11,"column":28}},"loc":{"start":{"line":11,"column":74},"end":{"line":17,"column":1}},"line":11}},"branchMap":{},"s":{"0":4,"1":7,"2":4,"3":4,"4":8,"5":7},"f":{"0":7,"1":8,"2":7},"b":{},"_coverageSchema":"1a1c01bbd47fc00a2c39e90264f33305004495a9","hash":"f891f30ddb1c1f657071fdd60edf085788a5195c"}
,"D:\\Projects\\billingapp\\billingapp\\providers\\ProductContext.tsx": {"path":"D:\\Projects\\billingapp\\billingapp\\providers\\ProductContext.tsx","statementMap":{"0":{"start":{"line":5,"column":20},"end":{"line":5,"column":72}},"1":{"start":{"line":5,"column":44},"end":{"line":5,"column":72}},"2":{"start":{"line":7,"column":23},"end":{"line":9,"column":1}},"3":{"start":{"line":11,"column":33},"end":{"line":11,"column":66}},"4":{"start":{"line":11,"column":39},"end":{"line":11,"column":66}},"5":{"start":{"line":14,"column":2},"end":{"line":18,"column":4}}},"fnMap":{"0":{"name":"(anonymous_0)","decl":{"start":{"line":5,"column":20},"end":{"line":5,"column":21}},"loc":{"start":{"line":5,"column":44},"end":{"line":5,"column":72}},"line":5},"1":{"name":"(anonymous_1)","decl":{"start":{"line":11,"column":33},"end":{"line":11,"column":34}},"loc":{"start":{"line":11,"column":39},"end":{"line":11,"column":66}},"line":11},"2":{"name":"ProductProvider","decl":{"start":{"line":13,"column":16},"end":{"line":13,"column":31}},"loc":{"start":{"line":13,"column":77},"end":{"line":19,"column":1}},"line":13}},"branchMap":{},"s":{"0":4,"1":8,"2":4,"3":4,"4":10,"5":8},"f":{"0":8,"1":10,"2":8},"b":{},"_coverageSchema":"1a1c01bbd47fc00a2c39e90264f33305004495a9","hash":"71c65ac53ff3785826769bd7a0232bb8d7db770d"}
,"D:\\Projects\\billingapp\\billingapp\\screens\\BillingScreen.tsx": {"path":"D:\\Projects\\billingapp\\billingapp\\screens\\BillingScreen.tsx","statementMap":{"0":{"start":{"line":8,"column":21},"end":{"line":16,"column":1}},"1":{"start":{"line":9,"column":2},"end":{"line":15,"column":4}},"2":{"start":{"line":18,"column":15},"end":{"line":27,"column":2}}},"fnMap":{"0":{"name":"(anonymous_0)","decl":{"start":{"line":8,"column":21},"end":{"line":8,"column":22}},"loc":{"start":{"line":8,"column":26},"end":{"line":16,"column":1}},"line":8}},"branchMap":{},"s":{"0":1,"1":1,"2":1},"f":{"0":1},"b":{},"_coverageSchema":"1a1c01bbd47fc00a2c39e90264f33305004495a9","hash":"7782f72216f726a21106d789189bf952c19c84b9"}
}
