TN:
SF:components\BillCalculator.tsx
FN:10,(anonymous_0)
FN:17,(anonymous_1)
FN:20,(anonymous_2)
FN:31,(anonymous_3)
FN:37,(anonymous_4)
FN:40,(anonymous_5)
FN:45,(anonymous_6)
FNF:7
FNH:4
FNDA:1,(anonymous_0)
FNDA:1,(anonymous_1)
FNDA:1,(anonymous_2)
FNDA:1,(anonymous_3)
FNDA:0,(anonymous_4)
FNDA:0,(anonymous_5)
FNDA:0,(anonymous_6)
DA:10,2
DA:14,1
DA:17,2
DA:18,1
DA:20,2
DA:25,1
DA:31,2
DA:32,1
DA:33,0
DA:35,0
DA:37,0
DA:38,0
DA:40,0
DA:41,0
DA:44,0
DA:46,0
DA:51,0
DA:56,0
DA:60,0
DA:63,0
DA:86,2
LF:21
LH:9
BRDA:68,0,0,0
BRDA:68,0,1,0
BRF:2
BRH:0
end_of_record
TN:
SF:components\ItemForm.tsx
FN:31,(anonymous_0)
FN:42,(anonymous_1)
FN:46,(anonymous_2)
FN:50,(anonymous_3)
FN:71,(anonymous_4)
FN:78,(anonymous_5)
FN:83,(anonymous_6)
FN:98,(anonymous_7)
FN:160,(anonymous_8)
FNF:9
FNH:1
FNDA:0,(anonymous_0)
FNDA:0,(anonymous_1)
FNDA:2,(anonymous_2)
FNDA:0,(anonymous_3)
FNDA:0,(anonymous_4)
FNDA:0,(anonymous_5)
FNDA:0,(anonymous_6)
FNDA:0,(anonymous_7)
FNDA:0,(anonymous_8)
DA:18,2
DA:31,0
DA:42,0
DA:46,2
DA:47,2
DA:48,0
DA:50,0
DA:55,0
DA:56,0
DA:57,0
DA:62,0
DA:64,0
DA:67,0
DA:72,0
DA:77,0
DA:78,0
DA:79,0
DA:84,0
DA:99,0
DA:161,0
DA:191,2
LF:21
LH:4
BRDA:42,0,0,0
BRDA:42,0,1,0
BRDA:116,1,0,0
BRDA:116,1,1,0
BRDA:155,2,0,0
BRDA:155,2,1,0
BRDA:172,3,0,0
BRDA:172,3,1,0
BRDA:177,4,0,0
BRDA:177,4,1,0
BRDA:181,5,0,0
BRDA:181,5,1,0
BRF:12
BRH:0
end_of_record
TN:
SF:components\ItemsList.tsx
FN:9,(anonymous_0)
FN:15,(anonymous_1)
FN:21,(anonymous_2)
FN:26,(anonymous_3)
FN:33,(anonymous_4)
FNF:5
FNH:2
FNDA:1,(anonymous_0)
FNDA:1,(anonymous_1)
FNDA:0,(anonymous_2)
FNDA:0,(anonymous_3)
FNDA:0,(anonymous_4)
DA:7,2
DA:9,2
DA:13,1
DA:15,2
DA:16,1
DA:17,0
DA:21,0
DA:22,0
DA:23,0
DA:27,0
DA:33,0
DA:34,0
DA:48,0
DA:51,0
DA:66,2
LF:15
LH:6
BRF:0
BRH:0
end_of_record
TN:
SF:components\StyledText.tsx
FN:5,MonoText
FNF:1
FNH:1
FNDA:1,MonoText
DA:6,1
LF:1
LH:1
BRF:0
BRH:0
end_of_record
TN:
SF:components\Themed.tsx
FN:12,useThemeColor
FN:34,Text
FN:41,View
FNF:3
FNH:2
FNDA:1,useThemeColor
FNDA:1,Text
FNDA:0,View
DA:16,1
DA:17,1
DA:19,1
DA:20,0
DA:22,1
DA:35,1
DA:36,1
DA:38,1
DA:42,0
DA:43,0
DA:45,0
LF:11
LH:7
BRDA:19,0,0,0
BRDA:19,0,1,1
BRF:2
BRH:1
end_of_record
TN:
SF:constants\Calculattions.ts
FNF:0
FNH:0
DA:1,3
DA:2,3
LF:2
LH:2
BRF:0
BRH:0
end_of_record
TN:
SF:constants\Colors.ts
FNF:0
FNH:0
DA:1,3
DA:2,3
LF:2
LH:2
BRF:0
BRH:0
end_of_record
TN:
SF:constants\DesignColors.ts
FNF:0
FNH:0
DA:1,3
DA:2,3
DA:3,3
DA:4,3
LF:4
LH:4
BRF:0
BRH:0
end_of_record
TN:
SF:hooks\useColorScheme.ts
FN:6,useColorScheme
FNF:1
FNH:1
FNDA:1,useColorScheme
DA:7,1
LF:1
LH:1
BRF:0
BRH:0
end_of_record
TN:
SF:providers\BillContext.tsx
FN:3,(anonymous_0)
FN:9,(anonymous_1)
FN:11,BillProvider
FNF:3
FNH:0
FNDA:0,(anonymous_0)
FNDA:0,(anonymous_1)
FNDA:0,BillProvider
DA:3,3
DA:5,3
DA:9,3
DA:12,0
LF:4
LH:3
BRF:0
BRH:0
end_of_record
TN:
SF:providers\ProductContext.tsx
FN:5,(anonymous_0)
FN:11,(anonymous_1)
FN:13,ProductProvider
FNF:3
FNH:1
FNDA:0,(anonymous_0)
FNDA:4,(anonymous_1)
FNDA:0,ProductProvider
DA:5,4
DA:7,4
DA:11,4
DA:14,0
LF:4
LH:3
BRF:0
BRH:0
end_of_record
TN:
SF:screens\BillingScreen.tsx
FN:8,(anonymous_0)
FNF:1
FNH:1
FNDA:1,(anonymous_0)
DA:8,1
DA:9,1
DA:18,1
LF:3
LH:3
BRF:0
BRH:0
end_of_record
