TN:
SF:components\BillCalculator.tsx
FN:11,(anonymous_0)
FN:12,(anonymous_1)
FN:17,(anonymous_2)
FN:24,(anonymous_3)
FN:27,(anonymous_4)
FN:39,(anonymous_5)
FN:45,(anonymous_6)
FN:48,(anonymous_7)
FN:54,(anonymous_8)
FN:59,(anonymous_9)
FNF:10
FNH:7
FNDA:3,(anonymous_0)
FNDA:1,(anonymous_1)
FNDA:3,(anonymous_2)
FNDA:3,(anonymous_3)
FNDA:3,(anonymous_4)
FNDA:2,(anonymous_5)
FNDA:1,(anonymous_6)
FNDA:0,(anonymous_7)
FNDA:0,(anonymous_8)
FNDA:0,(anonymous_9)
DA:11,2
DA:12,3
DA:13,1
DA:17,2
DA:21,3
DA:24,2
DA:25,3
DA:27,2
DA:32,3
DA:39,2
DA:40,2
DA:41,2
DA:43,2
DA:45,2
DA:46,1
DA:49,0
DA:52,1
DA:55,0
DA:59,1
DA:60,0
DA:61,0
DA:65,2
DA:66,2
DA:71,2
DA:75,2
DA:78,2
DA:98,2
LF:27
LH:23
BRDA:83,0,0,2
BRDA:83,0,1,0
BRF:2
BRH:1
end_of_record
TN:
SF:components\ItemForm.tsx
FN:30,(anonymous_0)
FN:41,(anonymous_1)
FN:49,(anonymous_2)
FN:53,(anonymous_3)
FN:75,(anonymous_4)
FN:84,(anonymous_5)
FN:100,(anonymous_6)
FN:162,(anonymous_7)
FNF:8
FNH:7
FNDA:9,(anonymous_0)
FNDA:9,(anonymous_1)
FNDA:6,(anonymous_2)
FNDA:1,(anonymous_3)
FNDA:1,(anonymous_4)
FNDA:36,(anonymous_5)
FNDA:0,(anonymous_6)
FNDA:3,(anonymous_7)
DA:17,3
DA:30,9
DA:41,9
DA:49,3
DA:50,6
DA:51,6
DA:53,6
DA:58,1
DA:59,1
DA:60,1
DA:65,1
DA:67,0
DA:71,6
DA:76,1
DA:81,1
DA:85,36
DA:101,0
DA:163,3
DA:193,3
LF:19
LH:17
BRDA:41,0,0,9
BRDA:41,0,1,2
BRDA:118,1,0,36
BRDA:118,1,1,12
BRDA:157,2,0,10
BRDA:157,2,1,26
BRDA:174,3,0,0
BRDA:174,3,1,36
BRDA:179,4,0,36
BRDA:179,4,1,12
BRDA:183,5,0,36
BRDA:183,5,1,12
BRF:12
BRH:11
end_of_record
TN:
SF:components\ItemsList.tsx
FN:10,(anonymous_0)
FN:17,(anonymous_1)
FN:24,(anonymous_2)
FN:31,(anonymous_3)
FN:39,(anonymous_4)
FNF:5
FNH:4
FNDA:1,(anonymous_0)
FNDA:2,(anonymous_1)
FNDA:2,(anonymous_2)
FNDA:14,(anonymous_3)
FNDA:0,(anonymous_4)
DA:8,3
DA:10,3
DA:14,1
DA:17,3
DA:18,2
DA:20,2
DA:24,2
DA:26,2
DA:28,2
DA:32,14
DA:39,2
DA:40,0
DA:55,2
DA:58,2
DA:75,3
LF:15
LH:14
BRF:0
BRH:0
end_of_record
TN:
SF:components\StyledText.tsx
FN:5,MonoText
FNF:1
FNH:1
FNDA:1,MonoText
DA:6,1
LF:1
LH:1
BRF:0
BRH:0
end_of_record
TN:
SF:components\Themed.tsx
FN:12,useThemeColor
FN:34,Text
FN:41,View
FNF:3
FNH:3
FNDA:3,useThemeColor
FNDA:1,Text
FNDA:2,View
DA:16,3
DA:17,3
DA:19,3
DA:20,0
DA:22,3
DA:35,1
DA:36,1
DA:38,1
DA:42,2
DA:43,2
DA:45,2
LF:11
LH:10
BRDA:19,0,0,0
BRDA:19,0,1,3
BRF:2
BRH:1
end_of_record
TN:
SF:constants\Calculattions.ts
FNF:0
FNH:0
DA:1,3
DA:2,3
LF:2
LH:2
BRF:0
BRH:0
end_of_record
TN:
SF:constants\Colors.ts
FNF:0
FNH:0
DA:1,3
DA:2,3
LF:2
LH:2
BRF:0
BRH:0
end_of_record
TN:
SF:constants\DesignColors.ts
FNF:0
FNH:0
DA:1,4
DA:2,4
DA:3,4
DA:4,4
LF:4
LH:4
BRF:0
BRH:0
end_of_record
TN:
SF:hooks\useColorScheme.ts
FN:6,useColorScheme
FNF:1
FNH:1
FNDA:3,useColorScheme
DA:7,3
LF:1
LH:1
BRF:0
BRH:0
end_of_record
TN:
SF:providers\BillContext.tsx
FN:3,(anonymous_0)
FN:9,(anonymous_1)
FN:11,BillProvider
FNF:3
FNH:3
FNDA:7,(anonymous_0)
FNDA:8,(anonymous_1)
FNDA:7,BillProvider
DA:3,7
DA:5,4
DA:9,8
DA:12,7
LF:4
LH:4
BRF:0
BRH:0
end_of_record
TN:
SF:providers\ProductContext.tsx
FN:5,(anonymous_0)
FN:11,(anonymous_1)
FN:13,ProductProvider
FNF:3
FNH:3
FNDA:8,(anonymous_0)
FNDA:10,(anonymous_1)
FNDA:8,ProductProvider
DA:5,8
DA:7,4
DA:11,10
DA:14,8
LF:4
LH:4
BRF:0
BRH:0
end_of_record
TN:
SF:screens\BillingScreen.tsx
FN:8,(anonymous_0)
FNF:1
FNH:1
FNDA:1,(anonymous_0)
DA:8,1
DA:9,1
DA:18,1
LF:3
LH:3
BRF:0
BRH:0
end_of_record
